<?xml version="1.0" encoding="UTF-8"?>
<!-- Generated by org.testng.reporters.JUnitReportReporter -->
<testsuite hostname="CDC2-L-7221NV8" failures="0" tests="2" name="com.Test.Reports" time="16.752" errors="0" timestamp="2021-06-25T15:35:51 IST" skipped="0">
  <testcase classname="com.Test.Reports" name="login" time="16.336"/>
  <system-out/>
  <testcase classname="com.Test.Reports" name="logout" time="0.416"/>
  <system-out/>
</testsuite> <!-- com.Test.Reports -->
