<?xml version="1.0" encoding="UTF-8"?>
<!-- Generated by org.testng.reporters.JUnitReportReporter -->
<testsuite hostname="CDC2-L-7221NV8" failures="0" tests="1" name="com.Test.ReadExcelData" time="19.198" errors="0" timestamp="2021-06-24T19:40:16 IST" skipped="0">
  <testcase classname="com.Test.ReadExcelData" name="readExcelvalue" time="19.198"/>
  <system-out/>
</testsuite> <!-- com.Test.ReadExcelData -->
