<?xml version="1.0" encoding="UTF-8"?>
<!-- Generated by org.testng.reporters.JUnitReportReporter -->
<testsuite hostname="CDC2-L-7221NV8" failures="0" tests="1" name="com.Test.SwitchWindow" time="22.335" errors="0" timestamp="2021-06-24T22:31:26 IST" skipped="0">
  <testcase classname="com.Test.SwitchWindow" name="MouseAction" time="22.335"/>
  <system-out/>
</testsuite> <!-- com.Test.SwitchWindow -->
