<?xml version="1.0" encoding="UTF-8"?>
<!-- Generated by org.testng.reporters.JUnitReportReporter -->
<testsuite hostname="CDC2-L-7221NV8" failures="0" tests="2" name="com.Test.Reports" time="16.315" errors="0" timestamp="2021-06-25T17:51:15 IST" skipped="0">
  <testcase classname="com.Test.Reports" name="login" time="11.837"/>
  <system-out/>
  <testcase classname="com.Test.Reports" name="logout" time="4.478"/>
  <system-out/>
</testsuite> <!-- com.Test.Reports -->
