<?xml version="1.0" encoding="UTF-8"?>
<!-- Generated by org.testng.reporters.JUnitReportReporter -->
<testsuite skipped="0" hostname="CDC2-L-7221NV8" name="com.Test.ReadExcelData" tests="1" failures="0" timestamp="2021-06-25T14:05:56 IST" time="37.510" errors="0">
  <testcase name="readExcelvalue" time="37.510" classname="com.Test.ReadExcelData"/>
  <system-out/>
</testsuite> <!-- com.Test.ReadExcelData -->
