<?xml version="1.0" encoding="UTF-8"?>
<!-- Generated by org.testng.reporters.JUnitReportReporter -->
<testsuite skipped="0" hostname="CDC2-L-7221NV8" name="com.Test.Reports" tests="2" failures="0" timestamp="2021-06-25T15:29:24 IST" time="22.245" errors="0">
  <testcase name="login" time="21.542" classname="com.Test.Reports"/>
  <system-out/>
  <testcase name="logout" time="0.703" classname="com.Test.Reports"/>
  <system-out/>
</testsuite> <!-- com.Test.Reports -->
